1527957811622	geckodriver	INFO	geckodriver 0.20.1
1527957811632	geckodriver	INFO	Listening on 127.0.0.1:63087
1527957814604	mozrunner::runner	INFO	Running command: "C:\\Program Files\\Mozilla Firefox\\firefox.exe" "-marionette" "-profile" "C:\\Users\\MSHIVA~1\\AppData\\Local\\Temp\\rust_mozprofile.Tsm1c7IrGPkY"
1527957814976	addons.manager	DEBUG	Application has been upgraded
1527957815011	addons.manager	DEBUG	Loaded provider scope for resource://gre/modules/addons/XPIProvider.jsm: ["XPIProvider", "XPIInternal"]
1527957815015	addons.manager	DEBUG	Loaded provider scope for resource://gre/modules/LightweightThemeManager.jsm: ["LightweightThemeManager"]
1527957815040	addons.manager	DEBUG	Loaded provider scope for resource://gre/modules/addons/GMPProvider.jsm
1527957815043	addons.manager	DEBUG	Loaded provider scope for resource://gre/modules/addons/PluginProvider.jsm
1527957815044	addons.manager	DEBUG	Starting provider: XPIProvider
1527957815044	addons.xpi	DEBUG	startup
1527957815044	addons.xpi	INFO	SystemAddonInstallLocation directory is missing
1527957815045	addons.xpi	INFO	Removing all system add-on upgrades.
1527957815045	addons.xpi	DEBUG	checkForChanges
1527957815046	addons.xpi	DEBUG	Loaded add-on state: ${}
1527957815047	addons.xpi	INFO	Mapping activity-stream@mozilla.org to C:\Program Files\Mozilla Firefox\browser\features\activity-stream@mozilla.org.xpi
1527957815047	addons.xpi	INFO	Mapping aushelper@mozilla.org to C:\Program Files\Mozilla Firefox\browser\features\aushelper@mozilla.org.xpi
1527957815047	addons.xpi	INFO	Mapping firefox@getpocket.com to C:\Program Files\Mozilla Firefox\browser\features\firefox@getpocket.com.xpi
1527957815048	addons.xpi	INFO	Mapping followonsearch@mozilla.com to C:\Program Files\Mozilla Firefox\browser\features\followonsearch@mozilla.com.xpi
1527957815048	addons.xpi	INFO	Mapping formautofill@mozilla.org to C:\Program Files\Mozilla Firefox\browser\features\formautofill@mozilla.org.xpi
1527957815048	addons.xpi	INFO	Mapping onboarding@mozilla.org to C:\Program Files\Mozilla Firefox\browser\features\onboarding@mozilla.org.xpi
1527957815048	addons.xpi	INFO	Mapping screenshots@mozilla.org to C:\Program Files\Mozilla Firefox\browser\features\screenshots@mozilla.org.xpi
1527957815048	addons.xpi	INFO	Mapping webcompat@mozilla.org to C:\Program Files\Mozilla Firefox\browser\features\webcompat@mozilla.org.xpi
1527957815048	addons.xpi	DEBUG	New add-on activity-stream@mozilla.org in app-system-defaults
1527957815050	addons.xpi	DEBUG	New add-on aushelper@mozilla.org in app-system-defaults
1527957815051	addons.xpi	DEBUG	New add-on firefox@getpocket.com in app-system-defaults
1527957815052	addons.xpi	DEBUG	New add-on followonsearch@mozilla.com in app-system-defaults
1527957815052	addons.xpi	DEBUG	New add-on formautofill@mozilla.org in app-system-defaults
1527957815053	addons.xpi	DEBUG	New add-on onboarding@mozilla.org in app-system-defaults
1527957815054	addons.xpi	DEBUG	New add-on screenshots@mozilla.org in app-system-defaults
1527957815054	addons.xpi	DEBUG	New add-on webcompat@mozilla.org in app-system-defaults
1527957815055	addons.xpi	INFO	Mapping {972ce4c6-7e08-4474-a285-3208198ce6fd} to C:\Program Files\Mozilla Firefox\browser\extensions\{972ce4c6-7e08-4474-a285-3208198ce6fd}.xpi
1527957815056	addons.xpi	DEBUG	New add-on {972ce4c6-7e08-4474-a285-3208198ce6fd} in app-global
1527957815056	addons.xpi	DEBUG	getInstallState changed: true, state: {}
1527957815057	addons.xpi	INFO	SystemAddonInstallLocation directory is missing
1527957815063	addons.xpi-utils	DEBUG	Opening XPI database C:\Users\mshivanna\AppData\Local\Temp\rust_mozprofile.Tsm1c7IrGPkY\extensions.json
1527957815064	addons.xpi-utils	DEBUG	New add-on activity-stream@mozilla.org installed in app-system-defaults
*** Blocklist::_loadBlocklistFromFile: blocklist is disabled
1527957815087	addons.xpi-utils	DEBUG	New add-on aushelper@mozilla.org installed in app-system-defaults
1527957815090	addons.xpi-utils	DEBUG	New add-on firefox@getpocket.com installed in app-system-defaults
1527957815093	addons.xpi-utils	DEBUG	New add-on followonsearch@mozilla.com installed in app-system-defaults
1527957815096	addons.xpi-utils	DEBUG	New add-on formautofill@mozilla.org installed in app-system-defaults
1527957815099	addons.xpi-utils	DEBUG	New add-on onboarding@mozilla.org installed in app-system-defaults
1527957815101	addons.xpi-utils	DEBUG	New add-on screenshots@mozilla.org installed in app-system-defaults
1527957815105	addons.xpi-utils	DEBUG	New add-on webcompat@mozilla.org installed in app-system-defaults
1527957815108	addons.xpi-utils	DEBUG	New add-on {972ce4c6-7e08-4474-a285-3208198ce6fd} installed in app-global
1527957815111	addons.manager	DEBUG	Registering startup change 'installed' for activity-stream@mozilla.org
1527957815116	addons.xpi	DEBUG	Loading bootstrap scope from C:\Program Files\Mozilla Firefox\browser\features\activity-stream@mozilla.org.xpi
1527957815119	addons.xpi	DEBUG	Calling bootstrap method install on activity-stream@mozilla.org version 2018.04.20.1103-b3b95672
1527957815119	addons.xpi-utils	DEBUG	Make addon app-system-defaults:activity-stream@mozilla.org visible
1527957815120	addons.xpi	DEBUG	Updating XPIState for {"id":"activity-stream@mozilla.org","syncGUID":"{e3eaf615-4848-4d97-9258-eafbcf402890}","location":"app-system-defaults","version":"2018.04.20.1103-b3b95672","type":"extension","internalName":null,"updateURL":null,"updateKey":null,"optionsURL":null,"optionsType":null,"aboutURL":null,"defaultLocale":{"name":"Activity Stream","description":"A rich visual history feed and a reimagined home page make it easier than ever to find exactly what you're looking for in Firefox.","creator":null,"homepageURL":null},"visible":true,"active":false,"userDisabled":false,"appDisabled":false,"installDate":1526894722643,"updateDate":1526894722643,"applyBackgroundUpdates":1,"bootstrap":true,"path":"C:\\Program Files\\Mozilla Firefox\\browser\\features\\activity-stream@mozilla.org.xpi","skinnable":false,"size":2536977,"sourceURI":null,"releaseNotesURI":null,"softDisabled":false,"foreignInstall":false,"strictCompatibility":false,"locales":[],"targetApplications":[{"id":"{ec8030f7-c20a-464f-9b0e-13a3a9e97384}","minVersion":"60.0.1","maxVersion":"60.*"}],"targetPlatforms":[],"multiprocessCompatible":true,"seen":true,"dependencies":[],"hasEmbeddedWebExtension":false,"mpcOptedOut":false,"userPermissions":null,"icons":{},"iconURL":null,"icon64URL":null,"blocklistState":0,"blocklistURL":null,"startupData":null}
1527957815122	addons.manager	DEBUG	Registering startup change 'installed' for aushelper@mozilla.org
1527957815123	addons.xpi	DEBUG	Loading bootstrap scope from C:\Program Files\Mozilla Firefox\browser\features\aushelper@mozilla.org.xpi
1527957815126	addons.xpi	DEBUG	Calling bootstrap method install on aushelper@mozilla.org version 2.0
1527957815126	addons.xpi-utils	DEBUG	Make addon app-system-defaults:aushelper@mozilla.org visible
1527957815127	addons.xpi	DEBUG	Updating XPIState for {"id":"aushelper@mozilla.org","syncGUID":"{45807238-fdcf-4d07-ad40-ad431df3119b}","location":"app-system-defaults","version":"2.0","type":"extension","internalName":null,"updateURL":null,"updateKey":null,"optionsURL":null,"optionsType":null,"aboutURL":null,"defaultLocale":{"name":"Application Update Service Helper","description":"Sets value(s) in the update url based on custom checks.","creator":null,"homepageURL":null},"visible":true,"active":false,"userDisabled":false,"appDisabled":false,"installDate":1526894722602,"updateDate":1526894722602,"applyBackgroundUpdates":1,"bootstrap":true,"path":"C:\\Program Files\\Mozilla Firefox\\browser\\features\\aushelper@mozilla.org.xpi","skinnable":false,"size":8425,"sourceURI":null,"releaseNotesURI":null,"softDisabled":false,"foreignInstall":false,"strictCompatibility":false,"locales":[],"targetApplications":[{"id":"{ec8030f7-c20a-464f-9b0e-13a3a9e97384}","minVersion":"60.0.1","maxVersion":"60.*"}],"targetPlatforms":[],"multiprocessCompatible":true,"seen":true,"dependencies":[],"hasEmbeddedWebExtension":false,"mpcOptedOut":false,"userPermissions":null,"icons":{},"iconURL":null,"icon64URL":null,"blocklistState":0,"blocklistURL":null,"startupData":null}
1527957815127	addons.manager	DEBUG	Registering startup change 'installed' for firefox@getpocket.com
1527957815128	addons.xpi	DEBUG	Loading bootstrap scope from C:\Program Files\Mozilla Firefox\browser\features\firefox@getpocket.com.xpi
1527957815134	addons.xpi	DEBUG	Calling bootstrap method install on firefox@getpocket.com version 1.0.5
1527957815134	addons.xpi-utils	DEBUG	Make addon app-system-defaults:firefox@getpocket.com visible
1527957815135	addons.xpi	DEBUG	Updating XPIState for {"id":"firefox@getpocket.com","syncGUID":"{56b51e19-2994-49f3-ae8e-aab836314726}","location":"app-system-defaults","version":"1.0.5","type":"extension","internalName":null,"updateURL":null,"updateKey":null,"optionsURL":null,"optionsType":null,"aboutURL":null,"defaultLocale":{"name":"Pocket","description":"When you find something you want to view later, put it in Pocket.","creator":null,"homepageURL":null},"visible":true,"active":false,"userDisabled":false,"appDisabled":false,"installDate":1526894722598,"updateDate":1526894722598,"applyBackgroundUpdates":1,"bootstrap":true,"path":"C:\\Program Files\\Mozilla Firefox\\browser\\features\\firefox@getpocket.com.xpi","skinnable":false,"size":856017,"sourceURI":null,"releaseNotesURI":null,"softDisabled":false,"foreignInstall":false,"strictCompatibility":false,"locales":[],"targetApplications":[{"id":"{ec8030f7-c20a-464f-9b0e-13a3a9e97384}","minVersion":"60.0.1","maxVersion":"60.*"}],"targetPlatforms":[],"multiprocessCompatible":true,"seen":true,"dependencies":[],"hasEmbeddedWebExtension":false,"mpcOptedOut":false,"userPermissions":null,"icons":{},"iconURL":null,"icon64URL":null,"blocklistState":0,"blocklistURL":null,"startupData":null}
1527957815135	addons.manager	DEBUG	Registering startup change 'installed' for followonsearch@mozilla.com
1527957815135	addons.xpi	DEBUG	Loading bootstrap scope from C:\Program Files\Mozilla Firefox\browser\features\followonsearch@mozilla.com.xpi
1527957815138	addons.xpi	DEBUG	Calling bootstrap method install on followonsearch@mozilla.com version 0.9.6
1527957815138	addons.xpi-utils	DEBUG	Make addon app-system-defaults:followonsearch@mozilla.com visible
1527957815138	addons.xpi	DEBUG	Updating XPIState for {"id":"followonsearch@mozilla.com","syncGUID":"{6e0b352b-4e27-4f4c-a4e2-76569d18728e}","location":"app-system-defaults","version":"0.9.6","type":"extension","internalName":null,"updateURL":null,"updateKey":null,"optionsURL":null,"optionsType":null,"aboutURL":null,"defaultLocale":{"name":"Follow-on Search Telemetry","description":null,"creator":null,"homepageURL":null},"visible":true,"active":false,"userDisabled":false,"appDisabled":false,"installDate":1526894722590,"updateDate":1526894722590,"applyBackgroundUpdates":1,"bootstrap":true,"path":"C:\\Program Files\\Mozilla Firefox\\browser\\features\\followonsearch@mozilla.com.xpi","skinnable":false,"size":18539,"sourceURI":null,"releaseNotesURI":null,"softDisabled":false,"foreignInstall":false,"strictCompatibility":false,"locales":[],"targetApplications":[{"id":"{ec8030f7-c20a-464f-9b0e-13a3a9e97384}","minVersion":"52.0","maxVersion":"66.*"}],"targetPlatforms":[],"multiprocessCompatible":true,"seen":true,"dependencies":[],"hasEmbeddedWebExtension":false,"mpcOptedOut":false,"userPermissions":null,"icons":{},"iconURL":null,"icon64URL":null,"blocklistState":0,"blocklistURL":null,"startupData":null}
1527957815139	addons.manager	DEBUG	Registering startup change 'installed' for formautofill@mozilla.org
1527957815139	addons.xpi	DEBUG	Loading bootstrap scope from C:\Program Files\Mozilla Firefox\browser\features\formautofill@mozilla.org.xpi
1527957815142	addons.xpi	DEBUG	Calling bootstrap method install on formautofill@mozilla.org version 1.0
1527957815142	addons.xpi-utils	DEBUG	Make addon app-system-defaults:formautofill@mozilla.org visible
1527957815142	addons.xpi	DEBUG	Updating XPIState for {"id":"formautofill@mozilla.org","syncGUID":"{4c5ec580-7fef-4156-89b6-cbe4bccac7e7}","location":"app-system-defaults","version":"1.0","type":"extension","internalName":null,"updateURL":null,"updateKey":null,"optionsURL":null,"optionsType":null,"aboutURL":null,"defaultLocale":{"name":"Form Autofill","description":"Autofill forms with saved profiles","creator":null,"homepageURL":null},"visible":true,"active":false,"userDisabled":false,"appDisabled":false,"installDate":1526894722586,"updateDate":1526894722586,"applyBackgroundUpdates":1,"bootstrap":true,"path":"C:\\Program Files\\Mozilla Firefox\\browser\\features\\formautofill@mozilla.org.xpi","skinnable":false,"size":457534,"sourceURI":null,"releaseNotesURI":null,"softDisabled":false,"foreignInstall":false,"strictCompatibility":false,"locales":[],"targetApplications":[{"id":"{ec8030f7-c20a-464f-9b0e-13a3a9e97384}","minVersion":"60.0.1","maxVersion":"60.*"}],"targetPlatforms":[],"multiprocessCompatible":true,"seen":true,"dependencies":[],"hasEmbeddedWebExtension":false,"mpcOptedOut":false,"userPermissions":null,"icons":{},"iconURL":null,"icon64URL":null,"blocklistState":0,"blocklistURL":null,"startupData":null}
1527957815143	addons.manager	DEBUG	Registering startup change 'installed' for onboarding@mozilla.org
1527957815143	addons.xpi	DEBUG	Loading bootstrap scope from C:\Program Files\Mozilla Firefox\browser\features\onboarding@mozilla.org.xpi
1527957815147	addons.xpi	DEBUG	Calling bootstrap method install on onboarding@mozilla.org version 1.0
1527957815147	addons.xpi-utils	DEBUG	Make addon app-system-defaults:onboarding@mozilla.org visible
1527957815147	addons.xpi	DEBUG	Updating XPIState for {"id":"onboarding@mozilla.org","syncGUID":"{d96f734d-140c-4c66-9b99-08a928c3e955}","location":"app-system-defaults","version":"1.0","type":"extension","internalName":null,"updateURL":null,"updateKey":null,"optionsURL":null,"optionsType":null,"aboutURL":null,"defaultLocale":{"name":"Photon onboarding","description":"Photon onboarding","creator":null,"homepageURL":null},"visible":true,"active":false,"userDisabled":false,"appDisabled":false,"installDate":1526894722580,"updateDate":1526894722580,"applyBackgroundUpdates":1,"bootstrap":true,"path":"C:\\Program Files\\Mozilla Firefox\\browser\\features\\onboarding@mozilla.org.xpi","skinnable":false,"size":562340,"sourceURI":null,"releaseNotesURI":null,"softDisabled":false,"foreignInstall":false,"strictCompatibility":false,"locales":[],"targetApplications":[{"id":"{ec8030f7-c20a-464f-9b0e-13a3a9e97384}","minVersion":"60.0.1","maxVersion":"60.*"}],"targetPlatforms":[],"multiprocessCompatible":true,"seen":true,"dependencies":[],"hasEmbeddedWebExtension":false,"mpcOptedOut":false,"userPermissions":null,"icons":{},"iconURL":null,"icon64URL":null,"blocklistState":0,"blocklistURL":null,"startupData":null}
1527957815148	addons.manager	DEBUG	Registering startup change 'installed' for screenshots@mozilla.org
1527957815148	addons.xpi	DEBUG	Loading bootstrap scope from C:\Program Files\Mozilla Firefox\browser\features\screenshots@mozilla.org.xpi
1527957815152	addons.xpi	DEBUG	Calling bootstrap method install on screenshots@mozilla.org version 30.1.0
1527957815152	addons.xpi-utils	DEBUG	Make addon app-system-defaults:screenshots@mozilla.org visible
1527957815152	addons.xpi	DEBUG	Updating XPIState for {"id":"screenshots@mozilla.org","syncGUID":"{c2688992-ad7e-40d6-9470-226a0944c47a}","location":"app-system-defaults","version":"30.1.0","type":"extension","internalName":null,"updateURL":null,"updateKey":null,"optionsURL":null,"optionsType":null,"aboutURL":null,"defaultLocale":{"name":"Firefox Screenshots","description":null,"creator":null,"homepageURL":"https://screenshots.firefox.com/"},"visible":true,"active":false,"userDisabled":false,"appDisabled":false,"installDate":1526894722573,"updateDate":1526894722573,"applyBackgroundUpdates":1,"bootstrap":true,"path":"C:\\Program Files\\Mozilla Firefox\\browser\\features\\screenshots@mozilla.org.xpi","skinnable":false,"size":1043087,"sourceURI":null,"releaseNotesURI":null,"softDisabled":false,"foreignInstall":false,"strictCompatibility":false,"locales":[],"targetApplications":[{"id":"{ec8030f7-c20a-464f-9b0e-13a3a9e97384}","minVersion":"57.0a1","maxVersion":"*"}],"targetPlatforms":[],"multiprocessCompatible":true,"seen":true,"dependencies":[],"hasEmbeddedWebExtension":false,"mpcOptedOut":false,"userPermissions":null,"icons":{},"iconURL":null,"icon64URL":null,"blocklistState":0,"blocklistURL":null,"startupData":null}
1527957815152	addons.manager	DEBUG	Registering startup change 'installed' for webcompat@mozilla.org
1527957815153	addons.xpi	DEBUG	Loading bootstrap scope from C:\Program Files\Mozilla Firefox\browser\features\webcompat@mozilla.org.xpi
1527957815155	addons.xpi	DEBUG	Calling bootstrap method install on webcompat@mozilla.org version 1.1
1527957815155	addons.xpi-utils	DEBUG	Make addon app-system-defaults:webcompat@mozilla.org visible
1527957815155	addons.xpi	DEBUG	Updating XPIState for {"id":"webcompat@mozilla.org","syncGUID":"{22d9ea5a-1f44-4e1b-b918-03d8fc509b56}","location":"app-system-defaults","version":"1.1","type":"extension","internalName":null,"updateURL":null,"updateKey":null,"optionsURL":null,"optionsType":null,"aboutURL":null,"defaultLocale":{"name":"Web Compat","description":"Urgent post-release fixes for web compatibility.","creator":null,"homepageURL":null},"visible":true,"active":false,"userDisabled":false,"appDisabled":false,"installDate":1526894722562,"updateDate":1526894722562,"applyBackgroundUpdates":1,"bootstrap":true,"path":"C:\\Program Files\\Mozilla Firefox\\browser\\features\\webcompat@mozilla.org.xpi","skinnable":false,"size":9137,"sourceURI":null,"releaseNotesURI":null,"softDisabled":false,"foreignInstall":false,"strictCompatibility":false,"locales":[],"targetApplications":[{"id":"{ec8030f7-c20a-464f-9b0e-13a3a9e97384}","minVersion":"60.0.1","maxVersion":"60.*"}],"targetPlatforms":[],"multiprocessCompatible":true,"seen":true,"dependencies":[],"hasEmbeddedWebExtension":false,"mpcOptedOut":false,"userPermissions":null,"icons":{},"iconURL":null,"icon64URL":null,"blocklistState":0,"blocklistURL":null,"startupData":null}
1527957815156	addons.xpi-utils	DEBUG	Make addon app-global:{972ce4c6-7e08-4474-a285-3208198ce6fd} visible
1527957815156	addons.xpi	DEBUG	Updating XPIState for {"id":"{972ce4c6-7e08-4474-a285-3208198ce6fd}","syncGUID":"{89ea6235-deb3-45a8-88be-6a8d2cf38946}","location":"app-global","version":"60.0.1","type":"theme","internalName":"classic/1.0","updateURL":null,"updateKey":null,"optionsURL":null,"optionsType":null,"optionsBrowserStyle":null,"aboutURL":null,"defaultLocale":{"name":"Default","description":"The default theme.","creator":"Mozilla","homepageURL":null,"contributors":["Mozilla Contributors"]},"visible":true,"active":false,"userDisabled":false,"appDisabled":false,"installDate":1526894722648,"updateDate":1526894722648,"applyBackgroundUpdates":1,"path":"C:\\Program Files\\Mozilla Firefox\\browser\\extensions\\{972ce4c6-7e08-4474-a285-3208198ce6fd}.xpi","skinnable":true,"size":3016,"sourceURI":null,"releaseNotesURI":null,"softDisabled":false,"foreignInstall":false,"strictCompatibility":true,"locales":[],"targetApplications":[{"id":"{ec8030f7-c20a-464f-9b0e-13a3a9e97384}","minVersion":"60.0.1","maxVersion":"60.0.1"}],"targetPlatforms":[],"seen":true,"dependencies":[],"hasEmbeddedWebExtension":false,"userPermissions":null,"icons":{},"iconURL":"chrome://browser/content/default-theme-icon.svg","icon64URL":null,"blocklistState":0,"blocklistURL":null,"startupData":null}
1527957815157	addons.xpi	DEBUG	Updating XPIState for {"id":"activity-stream@mozilla.org","syncGUID":"{e3eaf615-4848-4d97-9258-eafbcf402890}","location":"app-system-defaults","version":"2018.04.20.1103-b3b95672","type":"extension","internalName":null,"updateURL":null,"updateKey":null,"optionsURL":null,"optionsType":null,"aboutURL":null,"defaultLocale":{"name":"Activity Stream","description":"A rich visual history feed and a reimagined home page make it easier than ever to find exactly what you're looking for in Firefox.","creator":null,"homepageURL":null},"visible":true,"active":true,"userDisabled":false,"appDisabled":false,"installDate":1526894722643,"updateDate":1526894722643,"applyBackgroundUpdates":1,"bootstrap":true,"path":"C:\\Program Files\\Mozilla Firefox\\browser\\features\\activity-stream@mozilla.org.xpi","skinnable":false,"size":2536977,"sourceURI":null,"releaseNotesURI":null,"softDisabled":false,"foreignInstall":false,"strictCompatibility":false,"locales":[],"targetApplications":[{"id":"{ec8030f7-c20a-464f-9b0e-13a3a9e97384}","minVersion":"60.0.1","maxVersion":"60.*"}],"targetPlatforms":[],"multiprocessCompatible":true,"seen":true,"dependencies":[],"hasEmbeddedWebExtension":false,"mpcOptedOut":false,"userPermissions":null,"icons":{},"iconURL":null,"icon64URL":null,"blocklistState":0,"blocklistURL":null,"startupData":null}
1527957815157	addons.xpi	DEBUG	Updating XPIState for {"id":"aushelper@mozilla.org","syncGUID":"{45807238-fdcf-4d07-ad40-ad431df3119b}","location":"app-system-defaults","version":"2.0","type":"extension","internalName":null,"updateURL":null,"updateKey":null,"optionsURL":null,"optionsType":null,"aboutURL":null,"defaultLocale":{"name":"Application Update Service Helper","description":"Sets value(s) in the update url based on custom checks.","creator":null,"homepageURL":null},"visible":true,"active":true,"userDisabled":false,"appDisabled":false,"installDate":1526894722602,"updateDate":1526894722602,"applyBackgroundUpdates":1,"bootstrap":true,"path":"C:\\Program Files\\Mozilla Firefox\\browser\\features\\aushelper@mozilla.org.xpi","skinnable":false,"size":8425,"sourceURI":null,"releaseNotesURI":null,"softDisabled":false,"foreignInstall":false,"strictCompatibility":false,"locales":[],"targetApplications":[{"id":"{ec8030f7-c20a-464f-9b0e-13a3a9e97384}","minVersion":"60.0.1","maxVersion":"60.*"}],"targetPlatforms":[],"multiprocessCompatible":true,"seen":true,"dependencies":[],"hasEmbeddedWebExtension":false,"mpcOptedOut":false,"userPermissions":null,"icons":{},"iconURL":null,"icon64URL":null,"blocklistState":0,"blocklistURL":null,"startupData":null}
1527957815157	addons.xpi	DEBUG	Updating XPIState for {"id":"firefox@getpocket.com","syncGUID":"{56b51e19-2994-49f3-ae8e-aab836314726}","location":"app-system-defaults","version":"1.0.5","type":"extension","internalName":null,"updateURL":null,"updateKey":null,"optionsURL":null,"optionsType":null,"aboutURL":null,"defaultLocale":{"name":"Pocket","description":"When you find something you want to view later, put it in Pocket.","creator":null,"homepageURL":null},"visible":true,"active":true,"userDisabled":false,"appDisabled":false,"installDate":1526894722598,"updateDate":1526894722598,"applyBackgroundUpdates":1,"bootstrap":true,"path":"C:\\Program Files\\Mozilla Firefox\\browser\\features\\firefox@getpocket.com.xpi","skinnable":false,"size":856017,"sourceURI":null,"releaseNotesURI":null,"softDisabled":false,"foreignInstall":false,"strictCompatibility":false,"locales":[],"targetApplications":[{"id":"{ec8030f7-c20a-464f-9b0e-13a3a9e97384}","minVersion":"60.0.1","maxVersion":"60.*"}],"targetPlatforms":[],"multiprocessCompatible":true,"seen":true,"dependencies":[],"hasEmbeddedWebExtension":false,"mpcOptedOut":false,"userPermissions":null,"icons":{},"iconURL":null,"icon64URL":null,"blocklistState":0,"blocklistURL":null,"startupData":null}
1527957815158	addons.xpi	DEBUG	Updating XPIState for {"id":"followonsearch@mozilla.com","syncGUID":"{6e0b352b-4e27-4f4c-a4e2-76569d18728e}","location":"app-system-defaults","version":"0.9.6","type":"extension","internalName":null,"updateURL":null,"updateKey":null,"optionsURL":null,"optionsType":null,"aboutURL":null,"defaultLocale":{"name":"Follow-on Search Telemetry","description":null,"creator":null,"homepageURL":null},"visible":true,"active":true,"userDisabled":false,"appDisabled":false,"installDate":1526894722590,"updateDate":1526894722590,"applyBackgroundUpdates":1,"bootstrap":true,"path":"C:\\Program Files\\Mozilla Firefox\\browser\\features\\followonsearch@mozilla.com.xpi","skinnable":false,"size":18539,"sourceURI":null,"releaseNotesURI":null,"softDisabled":false,"foreignInstall":false,"strictCompatibility":false,"locales":[],"targetApplications":[{"id":"{ec8030f7-c20a-464f-9b0e-13a3a9e97384}","minVersion":"52.0","maxVersion":"66.*"}],"targetPlatforms":[],"multiprocessCompatible":true,"seen":true,"dependencies":[],"hasEmbeddedWebExtension":false,"mpcOptedOut":false,"userPermissions":null,"icons":{},"iconURL":null,"icon64URL":null,"blocklistState":0,"blocklistURL":null,"startupData":null}
1527957815159	addons.xpi	DEBUG	Updating XPIState for {"id":"formautofill@mozilla.org","syncGUID":"{4c5ec580-7fef-4156-89b6-cbe4bccac7e7}","location":"app-system-defaults","version":"1.0","type":"extension","internalName":null,"updateURL":null,"updateKey":null,"optionsURL":null,"optionsType":null,"aboutURL":null,"defaultLocale":{"name":"Form Autofill","description":"Autofill forms with saved profiles","creator":null,"homepageURL":null},"visible":true,"active":true,"userDisabled":false,"appDisabled":false,"installDate":1526894722586,"updateDate":1526894722586,"applyBackgroundUpdates":1,"bootstrap":true,"path":"C:\\Program Files\\Mozilla Firefox\\browser\\features\\formautofill@mozilla.org.xpi","skinnable":false,"size":457534,"sourceURI":null,"releaseNotesURI":null,"softDisabled":false,"foreignInstall":false,"strictCompatibility":false,"locales":[],"targetApplications":[{"id":"{ec8030f7-c20a-464f-9b0e-13a3a9e97384}","minVersion":"60.0.1","maxVersion":"60.*"}],"targetPlatforms":[],"multiprocessCompatible":true,"seen":true,"dependencies":[],"hasEmbeddedWebExtension":false,"mpcOptedOut":false,"userPermissions":null,"icons":{},"iconURL":null,"icon64URL":null,"blocklistState":0,"blocklistURL":null,"startupData":null}
1527957815159	addons.xpi	DEBUG	Updating XPIState for {"id":"onboarding@mozilla.org","syncGUID":"{d96f734d-140c-4c66-9b99-08a928c3e955}","location":"app-system-defaults","version":"1.0","type":"extension","internalName":null,"updateURL":null,"updateKey":null,"optionsURL":null,"optionsType":null,"aboutURL":null,"defaultLocale":{"name":"Photon onboarding","description":"Photon onboarding","creator":null,"homepageURL":null},"visible":true,"active":true,"userDisabled":false,"appDisabled":false,"installDate":1526894722580,"updateDate":1526894722580,"applyBackgroundUpdates":1,"bootstrap":true,"path":"C:\\Program Files\\Mozilla Firefox\\browser\\features\\onboarding@mozilla.org.xpi","skinnable":false,"size":562340,"sourceURI":null,"releaseNotesURI":null,"softDisabled":false,"foreignInstall":false,"strictCompatibility":false,"locales":[],"targetApplications":[{"id":"{ec8030f7-c20a-464f-9b0e-13a3a9e97384}","minVersion":"60.0.1","maxVersion":"60.*"}],"targetPlatforms":[],"multiprocessCompatible":true,"seen":true,"dependencies":[],"hasEmbeddedWebExtension":false,"mpcOptedOut":false,"userPermissions":null,"icons":{},"iconURL":null,"icon64URL":null,"blocklistState":0,"blocklistURL":null,"startupData":null}
1527957815159	addons.xpi	DEBUG	Updating XPIState for {"id":"screenshots@mozilla.org","syncGUID":"{c2688992-ad7e-40d6-9470-226a0944c47a}","location":"app-system-defaults","version":"30.1.0","type":"extension","internalName":null,"updateURL":null,"updateKey":null,"optionsURL":null,"optionsType":null,"aboutURL":null,"defaultLocale":{"name":"Firefox Screenshots","description":null,"creator":null,"homepageURL":"https://screenshots.firefox.com/"},"visible":true,"active":true,"userDisabled":false,"appDisabled":false,"installDate":1526894722573,"updateDate":1526894722573,"applyBackgroundUpdates":1,"bootstrap":true,"path":"C:\\Program Files\\Mozilla Firefox\\browser\\features\\screenshots@mozilla.org.xpi","skinnable":false,"size":1043087,"sourceURI":null,"releaseNotesURI":null,"softDisabled":false,"foreignInstall":false,"strictCompatibility":false,"locales":[],"targetApplications":[{"id":"{ec8030f7-c20a-464f-9b0e-13a3a9e97384}","minVersion":"57.0a1","maxVersion":"*"}],"targetPlatforms":[],"multiprocessCompatible":true,"seen":true,"dependencies":[],"hasEmbeddedWebExtension":false,"mpcOptedOut":false,"userPermissions":null,"icons":{},"iconURL":null,"icon64URL":null,"blocklistState":0,"blocklistURL":null,"startupData":null}
1527957815159	addons.xpi	DEBUG	Updating XPIState for {"id":"webcompat@mozilla.org","syncGUID":"{22d9ea5a-1f44-4e1b-b918-03d8fc509b56}","location":"app-system-defaults","version":"1.1","type":"extension","internalName":null,"updateURL":null,"updateKey":null,"optionsURL":null,"optionsType":null,"aboutURL":null,"defaultLocale":{"name":"Web Compat","description":"Urgent post-release fixes for web compatibility.","creator":null,"homepageURL":null},"visible":true,"active":true,"userDisabled":false,"appDisabled":false,"installDate":1526894722562,"updateDate":1526894722562,"applyBackgroundUpdates":1,"bootstrap":true,"path":"C:\\Program Files\\Mozilla Firefox\\browser\\features\\webcompat@mozilla.org.xpi","skinnable":false,"size":9137,"sourceURI":null,"releaseNotesURI":null,"softDisabled":false,"foreignInstall":false,"strictCompatibility":false,"locales":[],"targetApplications":[{"id":"{ec8030f7-c20a-464f-9b0e-13a3a9e97384}","minVersion":"60.0.1","maxVersion":"60.*"}],"targetPlatforms":[],"multiprocessCompatible":true,"seen":true,"dependencies":[],"hasEmbeddedWebExtension":false,"mpcOptedOut":false,"userPermissions":null,"icons":{},"iconURL":null,"icon64URL":null,"blocklistState":0,"blocklistURL":null,"startupData":null}
1527957815159	addons.xpi	DEBUG	Updating XPIState for {"id":"{972ce4c6-7e08-4474-a285-3208198ce6fd}","syncGUID":"{89ea6235-deb3-45a8-88be-6a8d2cf38946}","location":"app-global","version":"60.0.1","type":"theme","internalName":"classic/1.0","updateURL":null,"updateKey":null,"optionsURL":null,"optionsType":null,"optionsBrowserStyle":null,"aboutURL":null,"defaultLocale":{"name":"Default","description":"The default theme.","creator":"Mozilla","homepageURL":null,"contributors":["Mozilla Contributors"]},"visible":true,"active":true,"userDisabled":false,"appDisabled":false,"installDate":1526894722648,"updateDate":1526894722648,"applyBackgroundUpdates":1,"path":"C:\\Program Files\\Mozilla Firefox\\browser\\extensions\\{972ce4c6-7e08-4474-a285-3208198ce6fd}.xpi","skinnable":true,"size":3016,"sourceURI":null,"releaseNotesURI":null,"softDisabled":false,"foreignInstall":false,"strictCompatibility":true,"locales":[],"targetApplications":[{"id":"{ec8030f7-c20a-464f-9b0e-13a3a9e97384}","minVersion":"60.0.1","maxVersion":"60.0.1"}],"targetPlatforms":[],"seen":true,"dependencies":[],"hasEmbeddedWebExtension":false,"userPermissions":null,"icons":{},"iconURL":"chrome://browser/content/default-theme-icon.svg","icon64URL":null,"blocklistState":0,"blocklistURL":null,"startupData":null}
1527957815160	addons.xpi	DEBUG	Updating database with changes to installed add-ons
1527957815160	addons.xpi-utils	DEBUG	Updating add-on states
1527957815164	addons.xpi	DEBUG	Registering manifest for C:\Program Files\Mozilla Firefox\browser\features\activity-stream@mozilla.org.xpi
1527957815165	addons.xpi	DEBUG	Calling bootstrap method startup on activity-stream@mozilla.org version 2018.04.20.1103-b3b95672
1527957815166	addons.xpi	DEBUG	Registering manifest for C:\Program Files\Mozilla Firefox\browser\features\aushelper@mozilla.org.xpi
1527957815166	addons.xpi	DEBUG	Calling bootstrap method startup on aushelper@mozilla.org version 2.0
1527957815167	addons.xpi	DEBUG	Registering manifest for C:\Program Files\Mozilla Firefox\browser\features\firefox@getpocket.com.xpi
1527957815168	addons.xpi	DEBUG	Calling bootstrap method startup on firefox@getpocket.com version 1.0.5
1527957815176	addons.xpi	DEBUG	Registering manifest for C:\Program Files\Mozilla Firefox\browser\features\followonsearch@mozilla.com.xpi
1527957815176	addons.xpi	DEBUG	Calling bootstrap method startup on followonsearch@mozilla.com version 0.9.6
1527957815176	addons.xpi	DEBUG	Registering manifest for C:\Program Files\Mozilla Firefox\browser\features\formautofill@mozilla.org.xpi
1527957815177	addons.xpi	DEBUG	Calling bootstrap method startup on formautofill@mozilla.org version 1.0
1527957815177	addons.xpi	DEBUG	Registering manifest for C:\Program Files\Mozilla Firefox\browser\features\onboarding@mozilla.org.xpi
1527957815178	addons.xpi	DEBUG	Calling bootstrap method startup on onboarding@mozilla.org version 1.0
1527957815178	addons.xpi	DEBUG	Registering manifest for C:\Program Files\Mozilla Firefox\browser\features\screenshots@mozilla.org.xpi
1527957815179	addons.xpi	DEBUG	Calling bootstrap method startup on screenshots@mozilla.org version 30.1.0
1527957815179	addons.xpi	DEBUG	Registering manifest for C:\Program Files\Mozilla Firefox\browser\features\webcompat@mozilla.org.xpi
1527957815179	addons.xpi	DEBUG	Calling bootstrap method startup on webcompat@mozilla.org version 1.1
1527957815181	addons.manager	DEBUG	Registering shutdown blocker for XPIProvider
1527957815181	addons.manager	DEBUG	Provider finished startup: XPIProvider
1527957815181	addons.manager	DEBUG	Starting provider: LightweightThemeManager
1527957815181	addons.manager	DEBUG	Registering shutdown blocker for LightweightThemeManager
1527957815181	addons.manager	DEBUG	Provider finished startup: LightweightThemeManager
1527957815182	addons.manager	DEBUG	Starting provider: GMPProvider
1527957815195	addons.manager	DEBUG	Registering shutdown blocker for GMPProvider
1527957815196	addons.manager	DEBUG	Provider finished startup: GMPProvider
1527957815196	addons.manager	DEBUG	Starting provider: PluginProvider
1527957815196	addons.manager	DEBUG	Registering shutdown blocker for PluginProvider
1527957815196	addons.manager	DEBUG	Provider finished startup: PluginProvider
1527957815196	addons.manager	DEBUG	Completed startup sequence
Unable to read VR Path Registry from C:\Users\mshivanna\AppData\Local\openvr\openvrpaths.vrpath
1527957815557	addons.manager	DEBUG	Starting provider: PreviousExperimentProvider
1527957815558	addons.manager	DEBUG	Registering shutdown blocker for PreviousExperimentProvider
1527957815558	addons.manager	DEBUG	Provider finished startup: PreviousExperimentProvider
Unable to read VR Path Registry from C:\Users\mshivanna\AppData\Local\openvr\openvrpaths.vrpath
Unable to read VR Path Registry from C:\Users\mshivanna\AppData\Local\openvr\openvrpaths.vrpath
Unable to read VR Path Registry from C:\Users\mshivanna\AppData\Local\openvr\openvrpaths.vrpath
1527957816310	addons.xpi-utils	DEBUG	XPI Database saved, setting schema version preference to 24
1527957816513	addons.xpi	INFO	Mapping activity-stream@mozilla.org to C:\Program Files\Mozilla Firefox\browser\features\activity-stream@mozilla.org.xpi
1527957816513	addons.xpi	INFO	Mapping aushelper@mozilla.org to C:\Program Files\Mozilla Firefox\browser\features\aushelper@mozilla.org.xpi
1527957816513	addons.xpi	INFO	Mapping firefox@getpocket.com to C:\Program Files\Mozilla Firefox\browser\features\firefox@getpocket.com.xpi
1527957816513	addons.xpi	INFO	Mapping followonsearch@mozilla.com to C:\Program Files\Mozilla Firefox\browser\features\followonsearch@mozilla.com.xpi
1527957816513	addons.xpi	INFO	Mapping formautofill@mozilla.org to C:\Program Files\Mozilla Firefox\browser\features\formautofill@mozilla.org.xpi
1527957816514	addons.xpi	INFO	Mapping onboarding@mozilla.org to C:\Program Files\Mozilla Firefox\browser\features\onboarding@mozilla.org.xpi
1527957816514	addons.xpi	INFO	Mapping screenshots@mozilla.org to C:\Program Files\Mozilla Firefox\browser\features\screenshots@mozilla.org.xpi
1527957816514	addons.xpi	INFO	Mapping webcompat@mozilla.org to C:\Program Files\Mozilla Firefox\browser\features\webcompat@mozilla.org.xpi
1527957816514	addons.xpi	DEBUG	Existing add-on activity-stream@mozilla.org in app-system-defaults
1527957816514	addons.xpi	DEBUG	Existing add-on aushelper@mozilla.org in app-system-defaults
1527957816515	addons.xpi	DEBUG	Existing add-on firefox@getpocket.com in app-system-defaults
1527957816515	addons.xpi	DEBUG	Existing add-on followonsearch@mozilla.com in app-system-defaults
1527957816515	addons.xpi	DEBUG	Existing add-on formautofill@mozilla.org in app-system-defaults
1527957816515	addons.xpi	DEBUG	Existing add-on onboarding@mozilla.org in app-system-defaults
1527957816516	addons.xpi	DEBUG	Existing add-on screenshots@mozilla.org in app-system-defaults
1527957816516	addons.xpi	DEBUG	Existing add-on webcompat@mozilla.org in app-system-defaults
1527957816517	addons.xpi	INFO	Mapping {972ce4c6-7e08-4474-a285-3208198ce6fd} to C:\Program Files\Mozilla Firefox\browser\extensions\{972ce4c6-7e08-4474-a285-3208198ce6fd}.xpi
1527957816517	addons.xpi	DEBUG	Existing add-on {972ce4c6-7e08-4474-a285-3208198ce6fd} in app-global
1527957816517	addons.xpi	DEBUG	getInstallState changed: false, state: {}
Unable to read VR Path Registry from C:\Users\mshivanna\AppData\Local\openvr\openvrpaths.vrpath
1527957816784	Marionette	INFO	Listening on port 63099
1527957817768	Marionette	WARN	TLS certificate errors will be ignored for this session
1527957841265	addons.productaddons	INFO	sending request to: https://aus5.mozilla.org/update/3/GMP/60.0.1/20180516032328/WINNT_x86_64-msvc-x64/en-US/release/Windows_NT%2010.0.0.0.16299.431%20(x64)/default/default/update.xml
1527957842958	addons.productaddons	INFO	Completed downloading document
1527957845877	addons.productaddons	INFO	downloadXHR File download. status=200
1527957845892	addons.productaddons	INFO	Downloaded file will be saved to C:\Users\MSHIVA~1\AppData\Local\Temp\tmpaddon-22dbce
1527957852938	addons.productaddons	INFO	downloadXHR File download. status=200
1527957852952	addons.productaddons	INFO	Downloaded file will be saved to C:\Users\MSHIVA~1\AppData\Local\Temp\tmpaddon-7df897
1527958205522	addons.manager	DEBUG	Background update check beginning
1527958205523	addons.manager	DEBUG	Background update check complete
1527963542033	addons.xpi	DEBUG	Calling bootstrap method shutdown on webcompat@mozilla.org version 1.1
1527963542033	addons.xpi	DEBUG	Calling bootstrap method shutdown on screenshots@mozilla.org version 30.1.0
1527963542041	addons.xpi	DEBUG	Calling bootstrap method shutdown on onboarding@mozilla.org version 1.0
1527963542042	addons.xpi	DEBUG	Calling bootstrap method shutdown on formautofill@mozilla.org version 1.0
1527963542043	addons.xpi	DEBUG	Calling bootstrap method shutdown on followonsearch@mozilla.com version 0.9.6
1527963542044	addons.xpi	DEBUG	Calling bootstrap method shutdown on firefox@getpocket.com version 1.0.5
1527963542045	addons.xpi	DEBUG	Calling bootstrap method shutdown on aushelper@mozilla.org version 2.0
1527963542046	addons.xpi	DEBUG	Calling bootstrap method shutdown on activity-stream@mozilla.org version 2018.04.20.1103-b3b95672
[Parent 17064, Gecko_IOThread] WARNING: pipe error: 109: file z:/build/build/src/ipc/chromium/src/chrome/common/ipc_channel_win.cc, line 346
[Child 4536, Chrome_ChildThread] WARNING: pipe error: 109: file z:/build/build/src/ipc/chromium/src/chrome/common/ipc_channel_win.cc, line 346
[Child 4536, Chrome_ChildThread] WARNING: pipe error[Parent 17064, Gecko_IOThread] WARNING: pipe error: 109: file z:/build/build/src/ipc/chromium/src/chrome/common/ipc_channel_win.cc, line 346
[Child 18756, Chrome_ChildThread] WARNING: pipe error: 109: file
###!!! [Parent][MessageChannel] Error: (msgtype=0x15008C,name=PBrowser::Msg_UpdateNativeWindowHandle) Closed channel: cannot send/recv

 z:/b
###!!! [Parent][MessageChannel] Error: (msgtype=0x15007F,name=PBrowser::Msg_Destroy) Closed channel: cannot send/recv

uild/build/src/ipc/chromium/src/chrome/common/ipc_channel_win.cc, line 346

###!!! [Child][MessageChannel] Error: (msgtype=0x150001,name=PBrowser::Msg_AsyncMessage) Closed channel: cannot send/recv

JavaScript error: chrome://global/content/browser-content.js, line 1702: NS_ERROR_UNEXPECTED: Component returned failure code: 0x8000ffff (NS_ERROR_UNEXPECTED) [nsIMessageSender.sendAsyncMessage]

###!!! [Child][MessageChannel] Error: (msgtype=0x150001,name=PBrowser::Msg_AsyncMessage) Closed channel: cannot send/recv

JavaScript error: chrome://browser/content/tab-content.js, line 281: NS_ERROR_UNEXPECTED: Component returned failure code: 0x8000ffff (NS_ERROR_UNEXPECTED) [nsIMessageSender.sendAsyncMessage]

###!!! [Child][MessageChannel] Error: (msgtype=0x150001,name=PBrowser::Msg_AsyncMessage) Closed channel: cannot send/recv

JavaScript error: chrome://browser/content/content.js, line 705: NS_ERROR_UNEXPECTED: Component returned failure code: 0x8000ffff (NS_ERROR_UNEXPECTED) [nsIMessageSender.sendAsyncMessage]

###!!! [Child][MessageChannel] Error: (msgtype=0x150028,name=PBrowser::Msg_EnableDisableCommands) Closed channel: cannot send/recv


###!!! [Child][MessageChannel] Error: (msgtype=0x150015,name=PBrowser::Msg_NotifyIMEFocus) Closed channel: cannot send/recv


###!!! [Child][MessageChannel] Error: (msgtype=0x15002B,name=PBrowser::Msg_SetInputContext) Closed channel: cannot send/recv


###!!! [Child][MessageChannel] Error: (msgtype=0x15002B,name=PBrowser::Msg_SetInputContext) Closed channel: cannot send/recv

1527963542270	addons.manager	DEBUG	shutdown
1527963542271	addons.manager	DEBUG	Calling shutdown blocker for XPIProvider
1527963542271	addons.xpi	DEBUG	shutdown
1527963542271	addons.xpi-utils	DEBUG	shutdown
1527963542271	addons.manager	DEBUG	Calling shutdown blocker for LightweightThemeManager
1527963542272	addons.manager	DEBUG	Calling shutdown blocker for GMPProvider
1527963542272	addons.manager	DEBUG	Calling shutdown blocker for PluginProvider
1527963542272	addons.manager	DEBUG	Calling shutdown blocker for PreviousExperimentProvider
1527963542277	addons.manager	DEBUG	Async provider shutdown done
8: Error: OS.File has been shut down. Rejecting post to DirectoryIterator_prototype_close
JavaScript error: resource://gre/modules/osfile/osfile_async_front.jsm, line 408: Error: OS.File has been shut down. Rejecting post to DirectoryIterator_prototype_close
JavaScript error: resource://gre/modules/ProfileAge.jsm, line 174: Error: Unable to fetch oldest profile entry: Error: OS.File has been shut down. Rejecting request to DirectoryIterator_prototype_next
JavaScript error: resource://gre/modules/ProfileAge.jsm, line 174: Error: Unable to fetch oldest profile entry: Error: OS.File has been shut down. Rejecting request to DirectoryIterator_prototype_next

###!!! [Child][MessageChannel::SendAndWait] Error: Channel error: cannot send/recv

etwork-monitor.js :: NetworkEventActorProxy.methodFactory/< :: line 1875\"  data: no]\nStack: NetworkEventActorProxy.methodFactory/<@resource://devtools/shared/base-loader.js -> resource://devtools/shared/webconsole/network-monitor.js:1875:5\nexports.makeInfallible/<@resource://devtools/shared/base-loader.js -> resource://devtools/shared/ThreadSafeDevToolsUtils.js:109:14\n_onComplete@resource://devtools/shared/base-loader.js -> resource://devtools/shared/webconsole/network-monitor.js:651:5\nonStreamClose@resource://devtools/shared/base-loader.js -> resource://devtools/shared/webconsole/network-monitor.js:608:7\nonInputStreamReady@resource://devtools/shared/base-loader.js -> resource://devtools/shared/webconsole/network-monitor.js:702:7\nLine: 1875, column: 0"
[Parent 22284, Gecko_IOThread] WARNING: pipe error: 109: file z:/build/build/src/ipc/chromium/src/chrome/common/ipc_channel_win.cc, line 346
[Parent 22284, Gecko_IOThread] WARNING: pipe error: 109: file z:/build/build/src/ipc/chromium/src/chrome/common/ipc_channel_win.cc, line 346
[Child 22144, Chrome_ChildThread] WARNING: pipe error: 232: file z:/build/build/src/ipc/chromium/src/chrome/common/ipc_channel_win.cc, line 513
[Child 22144, Chrome_ChildThread] WARNING: pipe error: 109: file z:/build/build/src/ipc/chromium/src/chrome/common/ipc_channel_win.cc, line 346
[Child 22144, Chrome[Child 23488, Chrome_ChildThread] WARNING: pipe error: 109: file z:/build/build/src/ipc/chromium/src/chrome/common/ipc_channel_win.cc, line 346
[Child 23488[Parent 22284, Gecko_IOThread] WARNING: pipe error: 109: file z:/build/build/src/ipc/chromium/src/chrome/common/ipc_channel_win.cc, line 346
[Child 2228, Chrome_ChildThread] WARNING: pipe error: 109: file z:/build/build/src/ipc/chromium/src/chrome/common/ipc_channel_win.cc, line 346
[Child 2228, 1527465252956	addons.manager	DEBUG	shutdown
1527465252957	addons.manager	DEBUG	Calling shutdown blocker for XPIProvider
1527465252957	addons.xpi	DEBUG	shutdown
1527465252958	addons.xpi-utils	DEBUG	shutdown
1527465252958	addons.manager	DEBUG	Calling shutdown blocker for LightweightThemeManager
1527465252958	addons.manager	DEBUG	Calling shutdown blocker for GMPProvider
1527465252958	addons.manager	DEBUG	Calling shutdown blocker for PluginProvider
1527465252959	addons.manager	DEBUG	Calling shutdown blocker for PreviousExperimentProvider
1527465252965	addons.manager	DEBUG	Async provider shutdown done
[GPU 14292, Chr
###!!! [Child][MessageChannel::SendAndWait] Error: Channel error: cannot send/recv

